[AUTO-TUNE] WARNING: ulimit -n (1048576) is lower than target (1686235).
[AUTO-TUNE] Capping +P/+Q to 1048576 (minus buffer) to prevent crash.
[AUTO-TUNE] Detected Available RAM: 25729 MB
[AUTO-TUNE] Target Capacity: 1405196 Connections
[AUTO-TUNE] Final Flags: +P 1043576 +Q 1043576
/usr/bin/erl -noshell -noinput +P 1043576 +Q 1043576 +K true +sbwt none -pa ebin -sname iris_core -eval "application:ensure_all_started(iris_core)" &
App Start. Node: iris_core@j
Node Parts: ["iris_core","j"]
Initializing DB on Core...
Stopping Mnesia...
Creating Schema...
=INFO REPORT==== 2-Jan-2026::18:53:38.243109 ===
    application: mnesia
    exited: stopped
    type: temporary

Starting Mnesia...
Core DB Initialized. Mnesia Status: yes
Mnesia Local Tables: [presence,offline_msg,user_status,user_meta,schema]
Batch Write Error: ok
Batch Write Error: ok
Batch Write Error: ok
