=INFO REPORT==== 8-Jan-2026::00:46:20.049362 ===
    application: mnesia
    exited: stopped
    type: temporary

CORE_STARTED
Batch Write Error: ok
Batch Write Error: ok
Batch Write Error: ok
Batch Write Error: ok
Batch Write Error: ok
Batch Write Error: ok
Batch Write Error: ok
Batch Write Error: ok
Batch Write Error: ok
Batch Write Error: ok
Batch Write Error: ok
Batch Write Error: ok
Batch Write Error: ok
Batch Write Error: ok
Batch Write Error: ok
Batch Write Error: ok
Batch Write Error: ok
Batch Write Error: ok
Batch Write Error: ok
Batch Write Error: ok
Batch Write Error: ok
Batch Write Error: ok
Batch Write Error: ok
