Eshell V13.2.2.5  (abort with ^G)
(iris_region_1@j)1> Starting Edge App on port 8091...
(iris_region_1@j)1> Starting Router Pool (Size: 24)...
(iris_region_1@j)1> Edge Listener started on port 8091 (Pool Size: 100)
(iris_region_1@j)1> User logged in: <<"sender_1_0">>
(iris_region_1@j)1> User logged in: <<"sender_1_1">>
(iris_region_1@j)1> Client disconnected
(iris_region_1@j)1> User logged in: <<"sender_1_0">>
(iris_region_1@j)1> Client disconnected
(iris_region_1@j)1> User logged in: <<"sender_1_1">>
(iris_region_1@j)1> Client disconnected
(iris_region_1@j)1> User logged in: <<"sender_1_0">>
(iris_region_1@j)1> Client disconnected
(iris_region_1@j)1> User logged in: <<"sender_1_1">>
(iris_region_1@j)1> Client disconnected
(iris_region_1@j)1> User logged in: <<"sender_1_0">>
(iris_region_1@j)1> Client disconnected
(iris_region_1@j)1> User logged in: <<"sender_1_1">>
(iris_region_1@j)1> User logged in: <<"vip_global">>
(iris_region_1@j)1> Client disconnected
(iris_region_1@j)1> User logged in: <<"sender_1_0">>
(iris_region_1@j)1> Client disconnected
(iris_region_1@j)1> User logged in: <<"sender_1_1">>
(iris_region_1@j)1> Client disconnected
(iris_region_1@j)1> User logged in: <<"sender_1_0">>
(iris_region_1@j)1> Client disconnected
(iris_region_1@j)1> User logged in: <<"sender_1_1">>
(iris_region_1@j)1> Client disconnected
(iris_region_1@j)1> Client disconnected
(iris_region_1@j)1> User logged in: <<"sender_1_0">>
(iris_region_1@j)1> Client disconnected
(iris_region_1@j)1> User logged in: <<"sender_1_1">>
(iris_region_1@j)1> Client disconnected
(iris_region_1@j)1> User logged in: <<"sender_1_0">>
(iris_region_1@j)1> Client disconnected
(iris_region_1@j)1> User logged in: <<"sender_1_1">>
(iris_region_1@j)1> Client disconnected
(iris_region_1@j)1> User logged in: <<"sender_1_0">>
(iris_region_1@j)1> Client disconnected
(iris_region_1@j)1> User logged in: <<"sender_1_1">>
(iris_region_1@j)1> Client disconnected
(iris_region_1@j)1> User logged in: <<"sender_1_0">>
(iris_region_1@j)1> Client disconnected
(iris_region_1@j)1> User logged in: <<"sender_1_1">>
(iris_region_1@j)1> Client disconnected
(iris_region_1@j)1> User logged in: <<"sender_1_0">>
(iris_region_1@j)1> Client disconnected
(iris_region_1@j)1> User logged in: <<"sender_1_1">>
(iris_region_1@j)1> Client disconnected
(iris_region_1@j)1> User logged in: <<"sender_1_0">>
(iris_region_1@j)1> Client disconnected
(iris_region_1@j)1> User logged in: <<"sender_1_0">>
(iris_region_1@j)1> Client disconnected
(iris_region_1@j)1> User logged in: <<"sender_1_1">>
(iris_region_1@j)1> Client disconnected
(iris_region_1@j)1> User logged in: <<"sender_1_0">>
(iris_region_1@j)1> Client disconnected
(iris_region_1@j)1> User logged in: <<"sender_1_1">>
(iris_region_1@j)1> Client disconnected
(iris_region_1@j)1> User logged in: <<"sender_1_1">>
(iris_region_1@j)1> Client disconnected
(iris_region_1@j)1> User logged in: <<"sender_1_0">>
(iris_region_1@j)1> Client disconnected
(iris_region_1@j)1> User logged in: <<"sender_1_1">>
(iris_region_1@j)1> Client disconnected
(iris_region_1@j)1> User logged in: <<"sender_1_0">>
(iris_region_1@j)1> Client disconnected
(iris_region_1@j)1> User logged in: <<"sender_1_1">>
(iris_region_1@j)1> Client disconnected
(iris_region_1@j)1> User logged in: <<"sender_1_0">>
(iris_region_1@j)1> Client disconnected
(iris_region_1@j)1> User logged in: <<"sender_1_1">>
(iris_region_1@j)1> Client disconnected
(iris_region_1@j)1> User logged in: <<"sender_1_0">>
(iris_region_1@j)1> Client disconnected
(iris_region_1@j)1> User logged in: <<"sender_1_1">>
(iris_region_1@j)1> Client disconnected
(iris_region_1@j)1> User logged in: <<"sender_1_0">>
(iris_region_1@j)1> Client disconnected
(iris_region_1@j)1> User logged in: <<"sender_1_1">>
(iris_region_1@j)1> Client disconnected
(iris_region_1@j)1> User logged in: <<"sender_1_0">>
(iris_region_1@j)1> Client disconnected
(iris_region_1@j)1> User logged in: <<"sender_1_1">>
(iris_region_1@j)1> Client disconnected
(iris_region_1@j)1> User logged in: <<"sender_1_0">>
(iris_region_1@j)1> Client disconnected
(iris_region_1@j)1> User logged in: <<"sender_1_1">>
(iris_region_1@j)1> Client disconnected
(iris_region_1@j)1> User logged in: <<"sender_1_0">>
(iris_region_1@j)1> Client disconnected
(iris_region_1@j)1> User logged in: <<"sender_1_1">>
(iris_region_1@j)1> Client disconnected
(iris_region_1@j)1> User logged in: <<"sender_1_0">>
(iris_region_1@j)1> Client disconnected
(iris_region_1@j)1> User logged in: <<"sender_1_1">>
(iris_region_1@j)1> Client disconnected
(iris_region_1@j)1> User logged in: <<"sender_1_0">>
(iris_region_1@j)1> Client disconnected
(iris_region_1@j)1> User logged in: <<"sender_1_1">>
(iris_region_1@j)1> Client disconnected
(iris_region_1@j)1> User logged in: <<"sender_1_0">>
(iris_region_1@j)1> Client disconnected
(iris_region_1@j)1> Client disconnected
(iris_region_1@j)1> User logged in: <<"vip_global">>
(iris_region_1@j)1> Client disconnected
(iris_region_1@j)1> User logged in: <<"vip_global">>
(iris_region_1@j)1> Client disconnected
(iris_region_1@j)1> User logged in: <<"normal_1">>
(iris_region_1@j)1> Client disconnected
(iris_region_1@j)1> User logged in: <<"normal_2">>
(iris_region_1@j)1> Client disconnected
(iris_region_1@j)1> User logged in: <<"normal_3">>
(iris_region_1@j)1> Client disconnected
(iris_region_1@j)1> User logged in: <<"normal_4">>
(iris_region_1@j)1> Client disconnected
(iris_region_1@j)1> User logged in: <<"normal_5">>
(iris_region_1@j)1> Client disconnected
(iris_region_1@j)1> 