Eshell V13.2.2.5  (abort with ^G)
(iris_region_4@j)1> Starting Edge App on port 8094...
(iris_region_4@j)1> Starting Router Pool (Size: 24)...
(iris_region_4@j)1> Edge Listener started on port 8094 (Pool Size: 100)
(iris_region_4@j)1> User logged in: <<"sender_4_1">>
(iris_region_4@j)1> User logged in: <<"sender_4_0">>
(iris_region_4@j)1> User logged in: <<"vip_global">>
(iris_region_4@j)1> Client disconnected
(iris_region_4@j)1> User logged in: <<"sender_4_0">>
(iris_region_4@j)1> Client disconnected
(iris_region_4@j)1> User logged in: <<"sender_4_1">>
(iris_region_4@j)1> Client disconnected
(iris_region_4@j)1> Client disconnected
(iris_region_4@j)1> User logged in: <<"sender_4_0">>
(iris_region_4@j)1> Client disconnected
(iris_region_4@j)1> User logged in: <<"sender_4_1">>
(iris_region_4@j)1> Client disconnected
(iris_region_4@j)1> User logged in: <<"sender_4_0">>
(iris_region_4@j)1> Client disconnected
(iris_region_4@j)1> User logged in: <<"sender_4_1">>
(iris_region_4@j)1> Client disconnected
(iris_region_4@j)1> User logged in: <<"sender_4_0">>
(iris_region_4@j)1> Client disconnected
(iris_region_4@j)1> User logged in: <<"sender_4_1">>
(iris_region_4@j)1> Client disconnected
(iris_region_4@j)1> User logged in: <<"sender_4_0">>
(iris_region_4@j)1> Client disconnected
(iris_region_4@j)1> User logged in: <<"sender_4_1">>
(iris_region_4@j)1> Client disconnected
(iris_region_4@j)1> User logged in: <<"sender_4_0">>
(iris_region_4@j)1> Client disconnected
(iris_region_4@j)1> User logged in: <<"sender_4_1">>
(iris_region_4@j)1> Client disconnected
(iris_region_4@j)1> User logged in: <<"sender_4_0">>
(iris_region_4@j)1> Client disconnected
(iris_region_4@j)1> User logged in: <<"sender_4_1">>
(iris_region_4@j)1> Client disconnected
(iris_region_4@j)1> User logged in: <<"sender_4_0">>
(iris_region_4@j)1> Client disconnected
(iris_region_4@j)1> User logged in: <<"sender_4_1">>
(iris_region_4@j)1> Client disconnected
(iris_region_4@j)1> User logged in: <<"sender_4_0">>
(iris_region_4@j)1> Client disconnected
(iris_region_4@j)1> User logged in: <<"sender_4_1">>
(iris_region_4@j)1> Client disconnected
(iris_region_4@j)1> User logged in: <<"sender_4_0">>
(iris_region_4@j)1> Client disconnected
(iris_region_4@j)1> User logged in: <<"sender_4_1">>
(iris_region_4@j)1> User logged in: <<"vip_global">>
(iris_region_4@j)1> Client disconnected
(iris_region_4@j)1> User logged in: <<"sender_4_0">>
(iris_region_4@j)1> Client disconnected
(iris_region_4@j)1> User logged in: <<"sender_4_1">>
(iris_region_4@j)1> Client disconnected
(iris_region_4@j)1> Client disconnected
(iris_region_4@j)1> User logged in: <<"sender_4_0">>
(iris_region_4@j)1> Client disconnected
(iris_region_4@j)1> User logged in: <<"sender_4_1">>
(iris_region_4@j)1> User logged in: <<"vip_global">>
(iris_region_4@j)1> Client disconnected
(iris_region_4@j)1> User logged in: <<"sender_4_0">>
(iris_region_4@j)1> Client disconnected
(iris_region_4@j)1> User logged in: <<"sender_4_1">>
(iris_region_4@j)1> Client disconnected
(iris_region_4@j)1> User logged in: <<"sender_4_1">>
(iris_region_4@j)1> Client disconnected
(iris_region_4@j)1> User logged in: <<"sender_4_0">>
(iris_region_4@j)1> Client disconnected
(iris_region_4@j)1> Client disconnected
(iris_region_4@j)1> User logged in: <<"sender_4_1">>
(iris_region_4@j)1> Client disconnected
(iris_region_4@j)1> User logged in: <<"sender_4_0">>
(iris_region_4@j)1> Client disconnected
(iris_region_4@j)1> User logged in: <<"sender_4_1">>
(iris_region_4@j)1> Client disconnected
(iris_region_4@j)1> User logged in: <<"sender_4_0">>
(iris_region_4@j)1> Client disconnected
(iris_region_4@j)1> User logged in: <<"sender_4_1">>
(iris_region_4@j)1> Client disconnected
(iris_region_4@j)1> User logged in: <<"sender_4_0">>
(iris_region_4@j)1> Client disconnected
(iris_region_4@j)1> User logged in: <<"sender_4_1">>
(iris_region_4@j)1> Client disconnected
(iris_region_4@j)1> User logged in: <<"sender_4_0">>
(iris_region_4@j)1> Client disconnected
(iris_region_4@j)1> User logged in: <<"sender_4_1">>
(iris_region_4@j)1> Client disconnected
(iris_region_4@j)1> User logged in: <<"sender_4_0">>
(iris_region_4@j)1> Client disconnected
(iris_region_4@j)1> User logged in: <<"sender_4_1">>
(iris_region_4@j)1> Client disconnected
(iris_region_4@j)1> User logged in: <<"sender_4_0">>
(iris_region_4@j)1> Client disconnected
(iris_region_4@j)1> User logged in: <<"sender_4_0">>
(iris_region_4@j)1> Client disconnected
(iris_region_4@j)1> User logged in: <<"sender_4_1">>
(iris_region_4@j)1> Client disconnected
(iris_region_4@j)1> User logged in: <<"sender_4_0">>
(iris_region_4@j)1> User logged in: <<"vip_global">>
(iris_region_4@j)1> Client disconnected
(iris_region_4@j)1> User logged in: <<"sender_4_1">>
(iris_region_4@j)1> Client disconnected
(iris_region_4@j)1> User logged in: <<"sender_4_0">>
(iris_region_4@j)1> Client disconnected
(iris_region_4@j)1> User logged in: <<"sender_4_1">>
(iris_region_4@j)1> Client disconnected
(iris_region_4@j)1> Client disconnected
(iris_region_4@j)1> User logged in: <<"sender_4_0">>
(iris_region_4@j)1> Client disconnected
(iris_region_4@j)1> User logged in: <<"sender_4_1">>
(iris_region_4@j)1> Client disconnected
(iris_region_4@j)1> User logged in: <<"sender_4_1">>
(iris_region_4@j)1> Client disconnected
(iris_region_4@j)1> Client disconnected
(iris_region_4@j)1> 