sudo: a password is required
[AUTO-TUNE] WARNING: ulimit -n (1048576) is lower than target (1716700).
[AUTO-TUNE] Capping +P/+Q to 1048576 (minus buffer) to prevent crash.
[AUTO-TUNE] Detected Available RAM: 26194 MB
[AUTO-TUNE] Target Capacity: 1430584 Connections
[AUTO-TUNE] Final Flags: +P 1043576 +Q 1043576
[AUTO-TUNE] WARNING: ulimit -n (1048576) is lower than target (1716733).
[AUTO-TUNE] Capping +P/+Q to 1048576 (minus buffer) to prevent crash.
[AUTO-TUNE] Detected Available RAM: 26195 MB
[AUTO-TUNE] Target Capacity: 1430611 Connections
[AUTO-TUNE] Final Flags: +P 1043576 +Q 1043576
src/chaos_resources.erl:28:12: Warning: variable 'List' is unused
%   28| mem_worker(List, 0, _) ->
%     |            ^

src/iris_extreme_gen.erl:22:37: Warning: variable 'IpOffset' is unused
%   22| worker_init(Id, StatsPid, Duration, IpOffset, Mode) ->
%     |                                     ^

[AUTO-TUNE] WARNING: ulimit -n (1048576) is lower than target (1693044).
[AUTO-TUNE] Capping +P/+Q to 1048576 (minus buffer) to prevent crash.
[AUTO-TUNE] Detected Available RAM: 25833 MB
[AUTO-TUNE] Target Capacity: 1410870 Connections
[AUTO-TUNE] Final Flags: +P 1043576 +Q 1043576
[AUTO-TUNE] WARNING: ulimit -n (1048576) is lower than target (1673158).
[AUTO-TUNE] Capping +P/+Q to 1048576 (minus buffer) to prevent crash.
[AUTO-TUNE] Detected Available RAM: 25530 MB
[AUTO-TUNE] Target Capacity: 1394299 Connections
[AUTO-TUNE] Final Flags: +P 1043576 +Q 1043576
sudo: a password is required
sudo: a password is required
[AUTO-TUNE] Detected Available RAM: 13024 MB
[AUTO-TUNE] Target Capacity: 711325 Connections
[AUTO-TUNE] Final Flags: +P 853590 +Q 853590
Stopping nodes...
Nodes stopped.

============================================================
 PROJECT IRIS: KITCHEN SINK CHAOS TEST
============================================================
Target: 200000 Users | Network Chaos | Offline Flooding
[INIT] Cleaning environment...
[NET] Removing TC Netem Rules from lo...
[INIT] Starting Nodes...

============================================================
 PHASE 1: THE GATHERING (Ramp Up)
============================================================
Waiting 30s for connections to establish...
[RAMP-UP] Process Count: 32881
[RAMP-UP] Process Count: 70338
[RAMP-UP] Process Count: 92898
[RAMP-UP] Process Count: 125424

============================================================
 PHASE 2: THE STORM (Offline Flood)
============================================================
[FLOODING] Process Count: 130252
[FLOODING] Process Count: 158072
[FLOODING] Process Count: 180733
[FLOODING] Process Count: 195952

============================================================
 PHASE 3: THE WILD (Chaos Unleashed)
============================================================
[NET] Applying TC Netem Rules to lo...
[CHAOS] Releasing Chaos Monkey...
Running Chaos for 120 seconds...
[CHAOS] Process Count: 197349
[CHAOS] Process Count: {badrpc,nodedown}
[CHAOS] Process Count: {badrpc,nodedown}
[CHAOS] Process Count: {badrpc,nodedown}
[CHAOS] Process Count: {badrpc,nodedown}
[CHAOS] Process Count: {badrpc,nodedown}
[CHAOS] Process Count: {badrpc,nodedown}
[CHAOS] Process Count: {badrpc,nodedown}
[CHAOS] Process Count: {badrpc,nodedown}
[CHAOS] Process Count: {badrpc,nodedown}
[CHAOS] Process Count: {badrpc,nodedown}
[CHAOS] Process Count: {badrpc,nodedown}
[CHAOS] Process Count: {badrpc,nodedown}
[CHAOS] Process Count: {badrpc,nodedown}
[CHAOS] Process Count: {badrpc,nodedown}
[CHAOS] Process Count: {badrpc,nodedown}

============================================================
 PHASE 4: THE AFTERMATH (Recovery)
============================================================
[NET] Removing TC Netem Rules from lo...
Chaos Stopped. Monitoring Recovery (30s)...
[RECOVERY] Process Count: {badrpc,nodedown}
[RECOVERY] Process Count: {badrpc,nodedown}
[RECOVERY] Process Count: {badrpc,nodedown}
[RECOVERY] Process Count: {badrpc,nodedown}
[RECOVERY] Process Count: {badrpc,nodedown}

============================================================
 TEST COMPLETE
============================================================
