[AUTO-TUNE] WARNING: ulimit -n (1048576) is lower than target (1761249).
[AUTO-TUNE] Capping +P/+Q to 1048576 (minus buffer) to prevent crash.
[AUTO-TUNE] Detected Available RAM: 26874 MB
[AUTO-TUNE] Target Capacity: 1467708 Connections
[AUTO-TUNE] Final Flags: +P 1043576 +Q 1043576
[AUTO-TUNE] WARNING: ulimit -n (1048576) is lower than target (1761198).
[AUTO-TUNE] Capping +P/+Q to 1048576 (minus buffer) to prevent crash.
[AUTO-TUNE] Detected Available RAM: 26873 MB
[AUTO-TUNE] Target Capacity: 1467665 Connections
[AUTO-TUNE] Final Flags: +P 1043576 +Q 1043576
src/chaos_resources.erl:28:12: Warning: variable 'List' is unused
%   28| mem_worker(List, 0, _) ->
%     |            ^

[AUTO-TUNE] WARNING: ulimit -n (1048576) is lower than target (1732466).
[AUTO-TUNE] Capping +P/+Q to 1048576 (minus buffer) to prevent crash.
[AUTO-TUNE] Detected Available RAM: 26435 MB
[AUTO-TUNE] Target Capacity: 1443722 Connections
[AUTO-TUNE] Final Flags: +P 1043576 +Q 1043576
[AUTO-TUNE] WARNING: ulimit -n (1048576) is lower than target (1708537).
[AUTO-TUNE] Capping +P/+Q to 1048576 (minus buffer) to prevent crash.
[AUTO-TUNE] Detected Available RAM: 26070 MB
[AUTO-TUNE] Target Capacity: 1423781 Connections
[AUTO-TUNE] Final Flags: +P 1043576 +Q 1043576
[CHAOS] Starting CPU Anvil on 24 cores...
[CHAOS] System Killer active. Targeting: [iris_router]
[CHAOS] Starting Memory Leak... Target: 5000 MB
[AUTO-TUNE] WARNING: ulimit -n (1048576) is lower than target (1482433).
[AUTO-TUNE] Capping +P/+Q to 1048576 (minus buffer) to prevent crash.
[AUTO-TUNE] Detected Available RAM: 22620 MB
[AUTO-TUNE] Target Capacity: 1235361 Connections
[AUTO-TUNE] Final Flags: +P 1043576 +Q 1043576
Stopping nodes...
Nodes stopped.

==================================================
 TOTAL CHAOS: The Kitchen Sink Test
==================================================
[1] Restarting Environment...

==================================================
 Phase 1: Baseline Load (50k Users)
==================================================

==================================================
 Phase 2: The CPU Anvil (100% Load)
==================================================
[CPU-STRESS] Process Count: 199
[CPU-STRESS] Process Count: 199
[CPU-STRESS] Process Count: 199
[CPU-STRESS] Process Count: 199
[CPU-STRESS] Process Count: 199

==================================================
 Phase 3: The Sniper (Killing Router Workers)
==================================================
[SNIPER] Process Count: 200
[SNIPER] Process Count: 200
[SNIPER] Process Count: 200
[SNIPER] Process Count: 200
[SNIPER] Process Count: 200

==================================================
 Phase 4: The Memory Leak (Eat 5GB)
==================================================
[MEM-LEAK] Process Count: 201
[MEM-LEAK] Process Count: 201
[MEM-LEAK] Process Count: 201
[MEM-LEAK] Process Count: 201
[MEM-LEAK] Process Count: 201

==================================================
 Test Complete
==================================================
