[AUTO-TUNE] WARNING: ulimit -n (1048576) is lower than target (1679581).
[AUTO-TUNE] Capping +P/+Q to 1048576 (minus buffer) to prevent crash.
[AUTO-TUNE] Detected Available RAM: 25628 MB
[AUTO-TUNE] Target Capacity: 1399651 Connections
[AUTO-TUNE] Final Flags: +P 1043576 +Q 1043576
[AUTO-TUNE] WARNING: ulimit -n (1048576) is lower than target (1677037).
[AUTO-TUNE] Capping +P/+Q to 1048576 (minus buffer) to prevent crash.
[AUTO-TUNE] Detected Available RAM: 25589 MB
[AUTO-TUNE] Target Capacity: 1397531 Connections
[AUTO-TUNE] Final Flags: +P 1043576 +Q 1043576
[AUTO-TUNE] WARNING: ulimit -n (1048576) is lower than target (1647723).
[AUTO-TUNE] Capping +P/+Q to 1048576 (minus buffer) to prevent crash.
[AUTO-TUNE] Detected Available RAM: 25142 MB
[AUTO-TUNE] Target Capacity: 1373103 Connections
[AUTO-TUNE] Final Flags: +P 1043576 +Q 1043576
--- UNIT COST BENCHMARK ---
Monitoring Erlang PID: 177442

--- RESULTS ---
Total Messages: 500000
Total Time:     5.0010s
Throughput:     99980.02 msgs/sec
Total CPU Time: 0.0000s
CPU Cost/Msg:   0.00 microseconds
Est. Max RPS (1 Core): Infinite (CPU < Measurement Threshold)
