[AUTO-TUNE] Detected Available RAM: 4096 MB
[AUTO-TUNE] Target Capacity: 250000 Connections
[AUTO-TUNE] Final Flags: +P 300000 +Q 300000
[AUTO-TUNE] Detected Available RAM: 4096 MB
[AUTO-TUNE] Target Capacity: 250000 Connections
[AUTO-TUNE] Final Flags: +P 300000 +Q 300000
[AUTO-TUNE] Detected Available RAM: 4096 MB
[AUTO-TUNE] Target Capacity: 250000 Connections
[AUTO-TUNE] Final Flags: +P 300000 +Q 300000
[AUTO-TUNE] Detected Available RAM: 4096 MB
[AUTO-TUNE] Target Capacity: 250000 Connections
[AUTO-TUNE] Final Flags: +P 300000 +Q 300000
ps: illegal option -- -
usage: ps [-AaCcEefhjlMmrSTvwXx] [-O fmt | -o fmt] [-G gid[,gid...]]
          [-g grp[,grp...]] [-u [uid,uid...]]
          [-p pid[,pid...]] [-t tty[,tty...]] [-U user[,user...]]
       ps [-L]
--- WhatsApp-Scale Benchmark Suite ---
[1] Restarting Nodes...
Traceback (most recent call last):
  File "/Users/jd/side/project_iris/measure_dials.py", line 139, in <module>
    main()
  File "/Users/jd/side/project_iris/measure_dials.py", line 49, in main
    base_rss, base_cpu = get_process_stats(edge_pid)
  File "/Users/jd/side/project_iris/measure_dials.py", line 24, in get_process_stats
    out = run_command(f"ps -p {pid} -o rss,%cpu --no-headers")
  File "/Users/jd/side/project_iris/measure_dials.py", line 12, in run_command
    return subprocess.check_output(cmd, shell=shell).decode('utf-8').strip()
  File "/Library/Developer/CommandLineTools/Library/Frameworks/Python3.framework/Versions/3.9/lib/python3.9/subprocess.py", line 424, in check_output
    return run(*popenargs, stdout=PIPE, timeout=timeout, check=True,
  File "/Library/Developer/CommandLineTools/Library/Frameworks/Python3.framework/Versions/3.9/lib/python3.9/subprocess.py", line 528, in run
    raise CalledProcessError(retcode, process.args,
subprocess.CalledProcessError: Command 'ps -p 28519 -o rss,%cpu --no-headers' returned non-zero exit status 1.
