[AUTO-TUNE] WARNING: ulimit -n (1048576) is lower than target (1671511).
[AUTO-TUNE] Capping +P/+Q to 1048576 (minus buffer) to prevent crash.
[AUTO-TUNE] Detected Available RAM: 25505 MB
[AUTO-TUNE] Target Capacity: 1392926 Connections
[AUTO-TUNE] Final Flags: +P 1043576 +Q 1043576
[AUTO-TUNE] WARNING: ulimit -n (1048576) is lower than target (1671511).
[AUTO-TUNE] Capping +P/+Q to 1048576 (minus buffer) to prevent crash.
[AUTO-TUNE] Detected Available RAM: 25505 MB
[AUTO-TUNE] Target Capacity: 1392926 Connections
[AUTO-TUNE] Final Flags: +P 1043576 +Q 1043576
[AUTO-TUNE] WARNING: ulimit -n (1048576) is lower than target (1665007).
[AUTO-TUNE] Capping +P/+Q to 1048576 (minus buffer) to prevent crash.
[AUTO-TUNE] Detected Available RAM: 25406 MB
[AUTO-TUNE] Target Capacity: 1387506 Connections
[AUTO-TUNE] Final Flags: +P 1043576 +Q 1043576
[AUTO-TUNE] WARNING: ulimit -n (1048576) is lower than target (1663329).
[AUTO-TUNE] Capping +P/+Q to 1048576 (minus buffer) to prevent crash.
[AUTO-TUNE] Detected Available RAM: 25380 MB
[AUTO-TUNE] Target Capacity: 1386108 Connections
[AUTO-TUNE] Final Flags: +P 1043576 +Q 1043576
Starting EXTREME Load Gen (offline_flood): 100000 connections...
All workers spawned.
[AUTO-TUNE] Detected Available RAM: 11714 MB
[AUTO-TUNE] Target Capacity: 639750 Connections
[AUTO-TUNE] Final Flags: +P 767700 +Q 767700

--- SCENARIO: The Disk Crusher (Offline Message Flood) ---
[*] Setting up nodes...
[*] Starting Offline Flood (100k connections)...
[0s] Mnesia DB Size: 308K
[2s] Mnesia DB Size: 516K
[4s] Mnesia DB Size: 580K
[6s] Mnesia DB Size: 396K
[8s] Mnesia DB Size: 472K
[10s] Mnesia DB Size: 196K
[12s] Mnesia DB Size: 324K
[14s] Mnesia DB Size: 260K
[16s] Mnesia DB Size: 292K
[18s] Mnesia DB Size: 324K
[20s] Mnesia DB Size: 328K
[22s] Mnesia DB Size: 332K
[24s] Mnesia DB Size: 332K
[26s] Mnesia DB Size: 344K
[28s] Mnesia DB Size: 348K
[30s] Mnesia DB Size: 352K
[32s] Mnesia DB Size: 356K
[34s] Mnesia DB Size: 360K
[36s] Mnesia DB Size: 360K
[38s] Mnesia DB Size: 368K
[40s] Mnesia DB Size: 372K
[42s] Mnesia DB Size: 376K
[44s] Mnesia DB Size: 380K
[46s] Mnesia DB Size: 380K
[48s] Mnesia DB Size: 384K
[50s] Mnesia DB Size: 384K
[52s] Mnesia DB Size: 388K
[54s] Mnesia DB Size: 388K
[56s] Mnesia DB Size: 392K
[58s] Mnesia DB Size: 396K
[60s] Mnesia DB Size: 396K
[62s] Mnesia DB Size: 404K
[64s] Mnesia DB Size: 408K
[66s] Mnesia DB Size: 412K
[68s] Mnesia DB Size: 412K
[70s] Mnesia DB Size: 412K
[72s] Mnesia DB Size: 416K
[74s] Mnesia DB Size: 416K
[76s] Mnesia DB Size: 420K
[78s] Mnesia DB Size: 424K
[80s] Mnesia DB Size: 428K
[82s] Mnesia DB Size: 436K
[84s] Mnesia DB Size: 192K
[86s] Mnesia DB Size: 192K
[88s] Mnesia DB Size: 192K
[90s] Mnesia DB Size: 196K
[92s] Mnesia DB Size: 196K
[94s] Mnesia DB Size: 200K
[96s] Mnesia DB Size: 200K
[98s] Mnesia DB Size: 200K
[100s] Mnesia DB Size: 200K
[102s] Mnesia DB Size: 200K
[104s] Mnesia DB Size: 200K
[106s] Mnesia DB Size: 200K
[108s] Mnesia DB Size: 200K
[110s] Mnesia DB Size: 200K
[112s] Mnesia DB Size: 200K
[114s] Mnesia DB Size: 200K
[116s] Mnesia DB Size: 200K
[118s] Mnesia DB Size: 200K
[120s] Mnesia DB Size: 200K
[122s] Mnesia DB Size: 200K
[124s] Mnesia DB Size: 200K
[126s] Mnesia DB Size: 200K
[128s] Mnesia DB Size: 200K
[130s] Mnesia DB Size: 200K
[132s] Mnesia DB Size: 200K
[134s] Mnesia DB Size: 200K
[136s] Mnesia DB Size: 200K
[138s] Mnesia DB Size: 200K
[140s] Mnesia DB Size: 200K
[142s] Mnesia DB Size: 200K
[144s] Mnesia DB Size: 200K
[146s] Mnesia DB Size: 200K
[148s] Mnesia DB Size: 200K
[150s] Mnesia DB Size: 200K
[152s] Mnesia DB Size: 200K
[154s] Mnesia DB Size: 200K
[156s] Mnesia DB Size: 200K
[158s] Mnesia DB Size: 200K
[160s] Mnesia DB Size: 200K
[162s] Mnesia DB Size: 200K
[164s] Mnesia DB Size: 200K
[166s] Mnesia DB Size: 200K
[168s] Mnesia DB Size: 200K
[170s] Mnesia DB Size: 200K
[172s] Mnesia DB Size: 200K
[174s] Mnesia DB Size: 200K
[176s] Mnesia DB Size: 200K
[178s] Mnesia DB Size: 200K
[180s] Mnesia DB Size: 200K
[182s] Mnesia DB Size: 200K
[184s] Mnesia DB Size: 200K
[186s] Mnesia DB Size: 200K
[188s] Mnesia DB Size: 200K
[190s] Mnesia DB Size: 200K
[192s] Mnesia DB Size: 200K
[194s] Mnesia DB Size: 200K
[196s] Mnesia DB Size: 200K
[198s] Mnesia DB Size: 200K
[200s] Mnesia DB Size: 200K
[202s] Mnesia DB Size: 200K
[204s] Mnesia DB Size: 200K
[206s] Mnesia DB Size: 200K
[208s] Mnesia DB Size: 200K
[210s] Mnesia DB Size: 200K
[212s] Mnesia DB Size: 200K
[214s] Mnesia DB Size: 200K
[216s] Mnesia DB Size: 200K
[218s] Mnesia DB Size: 200K
[220s] Mnesia DB Size: 200K
[222s] Mnesia DB Size: 200K
[224s] Mnesia DB Size: 200K
[226s] Mnesia DB Size: 200K
[228s] Mnesia DB Size: 200K
[230s] Mnesia DB Size: 200K
[232s] Mnesia DB Size: 200K
[234s] Mnesia DB Size: 200K
[236s] Mnesia DB Size: 200K
[238s] Mnesia DB Size: 200K
