[AUTO-TUNE] WARNING: ulimit -n (1048576) is lower than target (1597998).
[AUTO-TUNE] Capping +P/+Q to 1048576 (minus buffer) to prevent crash.
[AUTO-TUNE] Detected Available RAM: 24383 MB
[AUTO-TUNE] Target Capacity: 1331665 Connections
[AUTO-TUNE] Final Flags: +P 1043576 +Q 1043576
[AUTO-TUNE] WARNING: ulimit -n (1048576) is lower than target (1598002).
[AUTO-TUNE] Capping +P/+Q to 1048576 (minus buffer) to prevent crash.
[AUTO-TUNE] Detected Available RAM: 24383 MB
[AUTO-TUNE] Target Capacity: 1331669 Connections
[AUTO-TUNE] Final Flags: +P 1043576 +Q 1043576
[AUTO-TUNE] WARNING: ulimit -n (1048576) is lower than target (1593360).
[AUTO-TUNE] Capping +P/+Q to 1048576 (minus buffer) to prevent crash.
[AUTO-TUNE] Detected Available RAM: 24312 MB
[AUTO-TUNE] Target Capacity: 1327800 Connections
[AUTO-TUNE] Final Flags: +P 1043576 +Q 1043576
[AUTO-TUNE] WARNING: ulimit -n (1048576) is lower than target (1620217).
[AUTO-TUNE] Capping +P/+Q to 1048576 (minus buffer) to prevent crash.
[AUTO-TUNE] Detected Available RAM: 24722 MB
[AUTO-TUNE] Target Capacity: 1350181 Connections
[AUTO-TUNE] Final Flags: +P 1043576 +Q 1043576
Starting EXTREME Load Gen (slow_consumer): 100000 connections...
All workers spawned.
[AUTO-TUNE] Detected Available RAM: 1096 MB
[AUTO-TUNE] Target Capacity: 250000 Connections
[AUTO-TUNE] Final Flags: +P 300000 +Q 300000

--- SCENARIO: The Slow Consumer (Memory Exhaustion) ---
[*] Setting up nodes...
[*] Starting Slow Consumers (100k connections)...
[0s] Edge Node RAM: 689.00 MB
[2s] Edge Node RAM: 1208.67 MB
[4s] Edge Node RAM: 1663.90 MB
[6s] Edge Node RAM: 1961.35 MB
[8s] Edge Node RAM: 2903.40 MB
[10s] Edge Node RAM: 3260.77 MB
[12s] Edge Node RAM: 3561.62 MB
[14s] Edge Node RAM: 4006.38 MB
[16s] Edge Node RAM: 4313.58 MB
[18s] Edge Node RAM: 4578.46 MB
[20s] Edge Node RAM: 4831.09 MB
[22s] Edge Node RAM: 4978.89 MB
[24s] Edge Node RAM: 5209.89 MB
[26s] Edge Node RAM: 5590.23 MB
[28s] Edge Node RAM: 6481.51 MB
[30s] Edge Node RAM: 7113.00 MB
[32s] Edge Node RAM: 7533.28 MB
[34s] Edge Node RAM: 7668.18 MB
[36s] Edge Node RAM: 7875.46 MB
[38s] Edge Node RAM: 8626.05 MB
[40s] Edge Node RAM: 8717.93 MB
[42s] Edge Node RAM: 8941.33 MB
[44s] Edge Node RAM: 9067.80 MB
[46s] Edge Node RAM: 9292.68 MB
[48s] Edge Node RAM: 9637.15 MB
[50s] Edge Node RAM: 10062.57 MB
[52s] Edge Node RAM: 10134.45 MB
[54s] Edge Node RAM: 10364.93 MB
[56s] Edge Node RAM: 10724.21 MB
[58s] Edge Node RAM: 11073.96 MB
[60s] Edge Node RAM: 11562.62 MB
[62s] Edge Node RAM: 11621.91 MB
[64s] Edge Node RAM: 11986.95 MB
[66s] Edge Node RAM: 12294.82 MB
[68s] Edge Node RAM: 12667.34 MB
[70s] Edge Node RAM: 13552.38 MB
[72s] Edge Node RAM: 13737.71 MB
[74s] Edge Node RAM: 13930.13 MB
[76s] Edge Node RAM: 13644.18 MB
[78s] Edge Node RAM: 15116.64 MB
[80s] Edge Node RAM: 15275.85 MB
[82s] Edge Node RAM: 15480.54 MB
[84s] Edge Node RAM: 16589.13 MB
[86s] Edge Node RAM: 17175.32 MB
[88s] Edge Node RAM: 16906.79 MB
[90s] Edge Node RAM: 16626.38 MB
[92s] Edge Node RAM: 17021.02 MB
[94s] Edge Node RAM: 17787.45 MB
[96s] Edge Node RAM: 17859.54 MB
[98s] Edge Node RAM: 18046.18 MB
[100s] Edge Node RAM: 18404.82 MB
!!! CRASH DETECTED !!! Node died.
