[AUTO-TUNE] Detected Available RAM: 4096 MB
[AUTO-TUNE] Target Capacity: 250000 Connections
[AUTO-TUNE] Final Flags: +P 300000 +Q 300000
erl -noshell -noinput +P 300000 +Q 300000 +K true +sbwt none -pa ebin -sname iris_core -eval "application:ensure_all_started(iris_core)" &
App Start. Node: 'iris_core@HMECMB-FVFG32XPQ05N'
Node Parts: ["iris_core","HMECMB-FVFG32XPQ05N"]
Initializing DB on Core...
Stopping Mnesia...
=INFO REPORT==== 5-Jan-2026::22:38:43.184496 ===
    application: mnesia
    exited: stopped
    type: temporary

Creating Schema...
Starting Mnesia...
Core DB Initialized. Mnesia Status: yes
Mnesia Local Tables: [user_status,user_meta,offline_msg,presence,schema]
Batch Write Error: ok
Batch Write Error: ok
Batch Write Error: ok
Batch Write Error: ok
Batch Write Error: ok
