[AUTO-TUNE] Detected Available RAM: 4096 MB
[AUTO-TUNE] Target Capacity: 250000 Connections
[AUTO-TUNE] Final Flags: +P 300000 +Q 300000
erl -noshell -noinput +P 300000 +Q 300000 +K true +sbwt none -pa ebin -sname iris_edge1 -iris_edge port 8085 -eval "application:ensure_all_started(iris_edge)" &
Starting Edge App on port 8085...
Starting Router Pool (Size: 8)...
Listener started on port 8085 (Handler: iris_edge_conn)
Starting WebSocket Listener on port 8086...
Listener started on port 8086 (Handler: iris_ws_lite)
User logged in: <<"alice">>
User logged in: <<"bob">>
Client disconnected
Client disconnected
User logged in: <<"alice">>
Router: Storing offline msg for <<"charlie">>: <<"Msg 1">>
Router: Storing offline msg for <<"charlie">>: <<"Msg 2">>
Client disconnected
Router: Storing offline msg for <<"charlie">>: <<"Msg 3">>
User logged in: <<"charlie">>
Client disconnected
User logged in: <<"charlie">>
Client disconnected
User logged in: <<"alice">>
Router: Storing offline msg for <<"vip_user">>: <<"MSG_0">>
Router: Storing offline msg for <<"vip_user">>: <<"MSG_1">>
Router: Storing offline msg for <<"vip_user">>: <<"MSG_2">>
Router: Storing offline msg for <<"vip_user">>: <<"MSG_3">>
Router: Storing offline msg for <<"vip_user">>: <<"MSG_4">>
Router: Storing offline msg for <<"vip_user">>: <<"MSG_5">>
Router: Storing offline msg for <<"vip_user">>: <<"MSG_6">>
Router: Storing offline msg for <<"vip_user">>: <<"MSG_7">>
Router: Storing offline msg for <<"vip_user">>: <<"MSG_8">>
Router: Storing offline msg for <<"vip_user">>: <<"MSG_9">>
Client disconnected
User logged in: <<"vip_user">>
Client disconnected
